<?xml version="1.0" encoding="UTF-8"?>
<testng-results skipped="0" failed="0" ignored="0" total="1" passed="1">
  <reporter-output>
  </reporter-output>
  <suite name="Default suite" duration-ms="39" started-at="2020-11-09T10:28:44 IST" finished-at="2020-11-09T10:28:44 IST">
    <groups>
    </groups>
    <test name="Default test" duration-ms="39" started-at="2020-11-09T10:28:44 IST" finished-at="2020-11-09T10:28:44 IST">
      <class name="Demo.Demo1">
        <test-method status="PASS" signature="bt()[pri:0, instance:Demo.Demo1@6ebc05a6]" name="bt" is-config="true" duration-ms="12" started-at="2020-11-09T10:28:44 IST" finished-at="2020-11-09T10:28:44 IST">
          <reporter-output>
          </reporter-output>
        </test-method> <!-- bt -->
        <test-method status="PASS" signature="t()[pri:0, instance:Demo.Demo1@6ebc05a6]" name="t" duration-ms="5" started-at="2020-11-09T10:28:44 IST" finished-at="2020-11-09T10:28:44 IST">
          <reporter-output>
          </reporter-output>
        </test-method> <!-- t -->
        <test-method status="PASS" signature="at()[pri:0, instance:Demo.Demo1@6ebc05a6]" name="at" is-config="true" duration-ms="1" started-at="2020-11-09T10:28:44 IST" finished-at="2020-11-09T10:28:44 IST">
          <reporter-output>
          </reporter-output>
        </test-method> <!-- at -->
      </class> <!-- Demo.Demo1 -->
    </test> <!-- Default test -->
  </suite> <!-- Default suite -->
</testng-results>
